Performing C SOURCE FILE Test CMAKE_HAVE_LIBC_PTHREAD failed with the following output:
Change Dir: /home/fractal/IPC_ws/src/IPC/IPC/build/CMakeFiles/CMakeTmp

Run Build Command(s):/usr/bin/make -f Makefile cmTC_829a4/fast && /usr/bin/make  -f CMakeFiles/cmTC_829a4.dir/build.make CMakeFiles/cmTC_829a4.dir/build
make[1]: 进入目录“/home/fractal/IPC_ws/src/IPC/IPC/build/CMakeFiles/CMakeTmp”
Building C object CMakeFiles/cmTC_829a4.dir/src.c.o
/usr/bin/cc -DCMAKE_HAVE_LIBC_PTHREAD   -o CMakeFiles/cmTC_829a4.dir/src.c.o -c /home/fractal/IPC_ws/src/IPC/IPC/build/CMakeFiles/CMakeTmp/src.c
Linking C executable cmTC_829a4
/usr/bin/cmake -E cmake_link_script CMakeFiles/cmTC_829a4.dir/link.txt --verbose=1
/usr/bin/cc -rdynamic CMakeFiles/cmTC_829a4.dir/src.c.o -o cmTC_829a4 
/usr/bin/ld: CMakeFiles/cmTC_829a4.dir/src.c.o: in function `main':
src.c:(.text+0x46): undefined reference to `pthread_create'
/usr/bin/ld: src.c:(.text+0x52): undefined reference to `pthread_detach'
/usr/bin/ld: src.c:(.text+0x5e): undefined reference to `pthread_cancel'
/usr/bin/ld: src.c:(.text+0x6f): undefined reference to `pthread_join'
collect2: error: ld returned 1 exit status
make[1]: *** [CMakeFiles/cmTC_829a4.dir/build.make:99：cmTC_829a4] 错误 1
make[1]: 离开目录“/home/fractal/IPC_ws/src/IPC/IPC/build/CMakeFiles/CMakeTmp”
make: *** [Makefile:127：cmTC_829a4/fast] 错误 2


Source file was:
#include <pthread.h>

static void* test_func(void* data)
{
  return data;
}

int main(void)
{
  pthread_t thread;
  pthread_create(&thread, NULL, test_func, NULL);
  pthread_detach(thread);
  pthread_cancel(thread);
  pthread_join(thread, NULL);
  pthread_atfork(NULL, NULL, NULL);
  pthread_exit(NULL);

  return 0;
}

Determining if the function pthread_create exists in the pthreads failed with the following output:
Change Dir: /home/fractal/IPC_ws/src/IPC/IPC/build/CMakeFiles/CMakeTmp

Run Build Command(s):/usr/bin/make -f Makefile cmTC_21a40/fast && /usr/bin/make  -f CMakeFiles/cmTC_21a40.dir/build.make CMakeFiles/cmTC_21a40.dir/build
make[1]: 进入目录“/home/fractal/IPC_ws/src/IPC/IPC/build/CMakeFiles/CMakeTmp”
Building C object CMakeFiles/cmTC_21a40.dir/CheckFunctionExists.c.o
/usr/bin/cc   -DCHECK_FUNCTION_EXISTS=pthread_create -o CMakeFiles/cmTC_21a40.dir/CheckFunctionExists.c.o -c /usr/share/cmake-3.23/Modules/CheckFunctionExists.c
Linking C executable cmTC_21a40
/usr/bin/cmake -E cmake_link_script CMakeFiles/cmTC_21a40.dir/link.txt --verbose=1
/usr/bin/cc   -DCHECK_FUNCTION_EXISTS=pthread_create -rdynamic CMakeFiles/cmTC_21a40.dir/CheckFunctionExists.c.o -o cmTC_21a40  -lpthreads 
/usr/bin/ld: 找不到 -lpthreads
collect2: error: ld returned 1 exit status
make[1]: *** [CMakeFiles/cmTC_21a40.dir/build.make:99：cmTC_21a40] 错误 1
make[1]: 离开目录“/home/fractal/IPC_ws/src/IPC/IPC/build/CMakeFiles/CMakeTmp”
make: *** [Makefile:127：cmTC_21a40/fast] 错误 2



